# Logfile created on 2019-11-10 10:16:16 -0500 by logger.rb/61378
D, [2019-11-10T10:16:17.488837 #15402] DEBUG -- : loading mailboxes...
D, [2019-11-10T10:17:19.195990 #16697] DEBUG -- : loading mailboxes...
D, [2019-11-10T10:20:04.611945 #21082] DEBUG -- : loading mailboxes...
D, [2019-11-10T10:20:35.605912 #21811] DEBUG -- : RUBY0001 OK paul@paulnorthup.com authenticated (Success)

D, [2019-11-10T10:20:35.606064 #21811] DEBUG -- : loading mailboxes...
D, [2019-11-10T10:20:35.906990 #21811] DEBUG -- : Loaded mailboxes: ["INBOX", "Activity", "Favorites", "Notes", "Receipt", "Reference", "Tax", "Travel", "Weekly Digest", "[Gmail]/All Mail", "[Gmail]/Drafts", "[Gmail]/Important", "[Gmail]/Sent Mail", "[Gmail]/Spam", "[Gmail]/Starred", "[Gmail]/Trash"].inspect
D, [2019-11-10T10:20:35.907170 #21811] DEBUG -- : Setting aliases to {"sent"=>"[Gmail]/Sent Mail", "all"=>"[Gmail]/All Mail", "starred"=>"[Gmail]/Starred", "important"=>"[Gmail]/Important", "drafts"=>"[Gmail]/Drafts", "spam"=>"[Gmail]/Spam", "trash"=>"[Gmail]/Trash"}
D, [2019-11-10T10:20:35.909880 #21811] DEBUG -- : Selecting mailbox "INBOX"
D, [2019-11-10T10:20:36.155218 #21811] DEBUG -- : RUBY0003 OK [READ-WRITE] INBOX selected. (Success)

D, [2019-11-10T10:20:36.155356 #21811] DEBUG -- : Done
D, [2019-11-10T10:20:36.158322 #21811] DEBUG -- : Getting mailbox status
D, [2019-11-10T10:20:36.158378 #21811] DEBUG -- : Getting highest message id
D, [2019-11-10T10:20:36.346554 #21811] DEBUG -- : Highest seqno: 156
D, [2019-11-10T10:20:36.970797 #21811] DEBUG -- : Setting window width to 333
D, [2019-11-10T10:20:37.177642 #21811] DEBUG -- : Selecting mailbox "INBOX"
D, [2019-11-10T10:20:37.353921 #21811] DEBUG -- : RUBY0005 OK [READ-WRITE] INBOX selected. (Success)

D, [2019-11-10T10:20:37.354082 #21811] DEBUG -- : Done
D, [2019-11-10T10:20:37.355130 #21811] DEBUG -- : Getting mailbox status
D, [2019-11-10T10:20:37.355182 #21811] DEBUG -- : Getting highest message id
D, [2019-11-10T10:20:37.517971 #21811] DEBUG -- : Highest seqno: 156
D, [2019-11-10T10:20:37.794923 #21811] DEBUG -- : #search: "\"all\""
D, [2019-11-10T10:20:37.795041 #21811] DEBUG -- : Query: "57:156 all"
D, [2019-11-10T10:20:37.955238 #21811] DEBUG -- : - Query got 100 results; max seqno: 156
D, [2019-11-10T10:20:37.955353 #21811] DEBUG -- : Clearing cached message
D, [2019-11-10T10:20:37.955402 #21811] DEBUG -- : Fetching headers for 100 messages
D, [2019-11-10T10:22:12.635310 #21811] DEBUG -- : Show message: "<0b40c27e-b7be-42c6-9a52-7d7087b052d6@ind1s01mta1044.xt.local>"
D, [2019-11-10T10:22:12.635732 #21811] DEBUG -- : - found message <0b40c27e-b7be-42c6-9a52-7d7087b052d6@ind1s01mta1044.xt.local>
D, [2019-11-10T10:22:12.635796 #21811] DEBUG -- : - message has plaintext? false
D, [2019-11-10T10:22:12.635832 #21811] DEBUG -- : - full message cache miss
D, [2019-11-10T10:22:12.636257 #21811] DEBUG -- : - fetching message uid 50493
D, [2019-11-10T10:22:13.221825 #21811] DEBUG -- : Showing message message_id: <0b40c27e-b7be-42c6-9a52-7d7087b052d6@ind1s01mta1044.xt.local>
D, [2019-11-10T10:22:49.851209 #21811] DEBUG -- : Flag [50493] Deleted +FLAGS
D, [2019-11-10T10:22:49.851282 #21811] DEBUG -- : Deleting uid_set: [50493]
D, [2019-11-10T10:22:49.851323 #21811] DEBUG -- : Decremented max seqno from 156 to 155
D, [2019-11-10T10:22:49.851527 #21811] DEBUG -- : imap.uid_copy [50493] to [Gmail]/Trash
D, [2019-11-10T10:22:50.349131 #21811] DEBUG -- : RUBY0010 OK [COPYUID 623161761 50493 9440] (Success)

D, [2019-11-10T10:22:50.349764 #21811] DEBUG -- : imap.uid_store [50493] +FLAGS [Deleted]
D, [2019-11-10T10:22:50.508055 #21811] DEBUG -- : nil
D, [2019-11-10T10:22:50.508597 #21811] DEBUG -- : Selecting mailbox "INBOX"
D, [2019-11-10T10:22:50.689081 #21811] DEBUG -- : RUBY0012 OK [READ-WRITE] INBOX selected. (Success)

D, [2019-11-10T10:22:50.693819 #21811] DEBUG -- : Done
D, [2019-11-10T10:22:50.706853 #21811] DEBUG -- : Getting mailbox status
D, [2019-11-10T10:22:50.706952 #21811] DEBUG -- : Getting highest message id
D, [2019-11-10T10:22:50.878836 #21811] DEBUG -- : Highest seqno: 155
D, [2019-11-10T10:22:50.879055 #21811] DEBUG -- : Clearing cached message
D, [2019-11-10T10:22:57.561423 #21811] DEBUG -- : Flag [50496, 50495] Deleted +FLAGS
D, [2019-11-10T10:22:57.561479 #21811] DEBUG -- : Deleting uid_set: [50496, 50495]
D, [2019-11-10T10:22:57.561508 #21811] DEBUG -- : Decremented max seqno from 155 to 153
D, [2019-11-10T10:22:57.561675 #21811] DEBUG -- : imap.uid_copy [50496, 50495] to [Gmail]/Trash
D, [2019-11-10T10:22:57.926737 #21811] DEBUG -- : RUBY0014 OK [COPYUID 623161761 50495:50496 9442,9441] (Success)

D, [2019-11-10T10:22:57.927123 #21811] DEBUG -- : imap.uid_store [50496, 50495] +FLAGS [Deleted]
D, [2019-11-10T10:22:58.081742 #21811] DEBUG -- : nil
D, [2019-11-10T10:22:58.081887 #21811] DEBUG -- : Selecting mailbox "INBOX"
D, [2019-11-10T10:22:58.252329 #21811] DEBUG -- : RUBY0016 OK [READ-WRITE] INBOX selected. (Success)

D, [2019-11-10T10:22:58.252411 #21811] DEBUG -- : Done
D, [2019-11-10T10:22:58.252731 #21811] DEBUG -- : Getting mailbox status
D, [2019-11-10T10:22:58.252757 #21811] DEBUG -- : Getting highest message id
D, [2019-11-10T10:22:58.417571 #21811] DEBUG -- : Highest seqno: 153
D, [2019-11-10T10:22:58.418014 #21811] DEBUG -- : Clearing cached message
D, [2019-11-10T10:23:02.851252 #21811] DEBUG -- : Show message: "<CAMLjk2LAOMvEFdTwG9aaANy6w0-P4zjBQk6Z6Tappr97uVoPww@mail.gmail.com>"
D, [2019-11-10T10:23:02.851546 #21811] DEBUG -- : - found message <CAMLjk2LAOMvEFdTwG9aaANy6w0-P4zjBQk6Z6Tappr97uVoPww@mail.gmail.com>
D, [2019-11-10T10:23:02.851589 #21811] DEBUG -- : - message has plaintext? false
D, [2019-11-10T10:23:02.851610 #21811] DEBUG -- : - full message cache miss
D, [2019-11-10T10:23:02.851946 #21811] DEBUG -- : - fetching message uid 50473
D, [2019-11-10T10:23:03.265052 #21811] DEBUG -- : Showing message message_id: <CAMLjk2LAOMvEFdTwG9aaANy6w0-P4zjBQk6Z6Tappr97uVoPww@mail.gmail.com>
D, [2019-11-10T10:23:12.449436 #21811] DEBUG -- : Show message: "<SS-F-APP01rIcKh8GyU0003d091@smtp.sendgrid.net>"
D, [2019-11-10T10:23:12.449731 #21811] DEBUG -- : - found message <SS-F-APP01rIcKh8GyU0003d091@smtp.sendgrid.net>
D, [2019-11-10T10:23:12.449771 #21811] DEBUG -- : - message has plaintext? false
D, [2019-11-10T10:23:12.449791 #21811] DEBUG -- : - full message cache miss
D, [2019-11-10T10:23:12.450089 #21811] DEBUG -- : - fetching message uid 50471
D, [2019-11-10T10:23:12.670483 #21811] DEBUG -- : Showing message message_id: <SS-F-APP01rIcKh8GyU0003d091@smtp.sendgrid.net>
D, [2019-11-10T10:23:14.097140 #21811] DEBUG -- : Show message: "<CAKM=vGWJuDQ8PU+D2sFTDmz0r5Btq4b6kVYdpOTdES1Ag4CevQ@mail.gmail.com>"
D, [2019-11-10T10:23:14.097477 #21811] DEBUG -- : - found message <CAKM=vGWJuDQ8PU+D2sFTDmz0r5Btq4b6kVYdpOTdES1Ag4CevQ@mail.gmail.com>
D, [2019-11-10T10:23:14.097518 #21811] DEBUG -- : - message has plaintext? false
D, [2019-11-10T10:23:14.097538 #21811] DEBUG -- : - full message cache miss
D, [2019-11-10T10:23:14.097861 #21811] DEBUG -- : - fetching message uid 50422
D, [2019-11-10T10:23:14.376343 #21811] DEBUG -- : Showing message message_id: <CAKM=vGWJuDQ8PU+D2sFTDmz0r5Btq4b6kVYdpOTdES1Ag4CevQ@mail.gmail.com>
D, [2019-11-10T10:23:15.925748 #21811] DEBUG -- : Show message: "<20191106132717.1.AB9352088CE45AB3@rapport2.com>"
D, [2019-11-10T10:23:15.926036 #21811] DEBUG -- : - found message <20191106132717.1.AB9352088CE45AB3@rapport2.com>
D, [2019-11-10T10:23:15.926077 #21811] DEBUG -- : - message has plaintext? false
D, [2019-11-10T10:23:15.926097 #21811] DEBUG -- : - full message cache miss
D, [2019-11-10T10:23:15.926399 #21811] DEBUG -- : - fetching message uid 50421
D, [2019-11-10T10:23:16.167583 #21811] DEBUG -- : Showing message message_id: <20191106132717.1.AB9352088CE45AB3@rapport2.com>
D, [2019-11-10T10:23:18.527350 #21811] DEBUG -- : Show message: "<CAKM=vGWJuDQ8PU+D2sFTDmz0r5Btq4b6kVYdpOTdES1Ag4CevQ@mail.gmail.com>"
D, [2019-11-10T10:23:18.527814 #21811] DEBUG -- : - found message <CAKM=vGWJuDQ8PU+D2sFTDmz0r5Btq4b6kVYdpOTdES1Ag4CevQ@mail.gmail.com>
D, [2019-11-10T10:23:18.527883 #21811] DEBUG -- : - message has plaintext? true
D, [2019-11-10T10:23:18.527917 #21811] DEBUG -- : - full message cache hit
D, [2019-11-10T10:23:18.528077 #21811] DEBUG -- : Showing message message_id: <CAKM=vGWJuDQ8PU+D2sFTDmz0r5Btq4b6kVYdpOTdES1Ag4CevQ@mail.gmail.com>
D, [2019-11-10T10:23:19.291224 #21811] DEBUG -- : Show message: "<20191106132717.1.AB9352088CE45AB3@rapport2.com>"
D, [2019-11-10T10:23:19.291530 #21811] DEBUG -- : - found message <20191106132717.1.AB9352088CE45AB3@rapport2.com>
D, [2019-11-10T10:23:19.291570 #21811] DEBUG -- : - message has plaintext? true
D, [2019-11-10T10:23:19.291590 #21811] DEBUG -- : - full message cache hit
D, [2019-11-10T10:23:19.291607 #21811] DEBUG -- : Showing message message_id: <20191106132717.1.AB9352088CE45AB3@rapport2.com>
D, [2019-11-10T10:23:21.153325 #21811] DEBUG -- : Show message: "<CAKM=vGWJuDQ8PU+D2sFTDmz0r5Btq4b6kVYdpOTdES1Ag4CevQ@mail.gmail.com>"
D, [2019-11-10T10:23:21.153692 #21811] DEBUG -- : - found message <CAKM=vGWJuDQ8PU+D2sFTDmz0r5Btq4b6kVYdpOTdES1Ag4CevQ@mail.gmail.com>
D, [2019-11-10T10:23:21.153735 #21811] DEBUG -- : - message has plaintext? true
D, [2019-11-10T10:23:21.153757 #21811] DEBUG -- : - full message cache hit
D, [2019-11-10T10:23:21.153778 #21811] DEBUG -- : Showing message message_id: <CAKM=vGWJuDQ8PU+D2sFTDmz0r5Btq4b6kVYdpOTdES1Ag4CevQ@mail.gmail.com>
D, [2019-11-10T10:23:22.420948 #21811] DEBUG -- : Show message: "<20191106132717.1.AB9352088CE45AB3@rapport2.com>"
D, [2019-11-10T10:23:22.421341 #21811] DEBUG -- : - found message <20191106132717.1.AB9352088CE45AB3@rapport2.com>
D, [2019-11-10T10:23:22.421419 #21811] DEBUG -- : - message has plaintext? true
D, [2019-11-10T10:23:22.421461 #21811] DEBUG -- : - full message cache hit
D, [2019-11-10T10:23:22.421484 #21811] DEBUG -- : Showing message message_id: <20191106132717.1.AB9352088CE45AB3@rapport2.com>
D, [2019-11-10T10:23:23.553855 #21811] DEBUG -- : Show message: "<CAKM=vGWq2knSZdnU+7OJs-SUyE=q-tVqETovsj3NONLq436bzA@mail.gmail.com>"
D, [2019-11-10T10:23:23.554117 #21811] DEBUG -- : - found message <CAKM=vGWq2knSZdnU+7OJs-SUyE=q-tVqETovsj3NONLq436bzA@mail.gmail.com>
D, [2019-11-10T10:23:23.554223 #21811] DEBUG -- : - message has plaintext? false
D, [2019-11-10T10:23:23.554245 #21811] DEBUG -- : - full message cache miss
D, [2019-11-10T10:23:23.554493 #21811] DEBUG -- : - fetching message uid 50417
D, [2019-11-10T10:23:23.785214 #21811] DEBUG -- : Showing message message_id: <CAKM=vGWq2knSZdnU+7OJs-SUyE=q-tVqETovsj3NONLq436bzA@mail.gmail.com>
D, [2019-11-10T10:23:25.777382 #21811] DEBUG -- : Show message: "<20191106132717.1.AB9352088CE45AB3@rapport2.com>"
D, [2019-11-10T10:23:25.777687 #21811] DEBUG -- : - found message <20191106132717.1.AB9352088CE45AB3@rapport2.com>
D, [2019-11-10T10:23:25.777721 #21811] DEBUG -- : - message has plaintext? true
D, [2019-11-10T10:23:25.777741 #21811] DEBUG -- : - full message cache hit
D, [2019-11-10T10:23:25.777769 #21811] DEBUG -- : Showing message message_id: <20191106132717.1.AB9352088CE45AB3@rapport2.com>
D, [2019-11-10T10:23:27.029479 #21811] DEBUG -- : Show message: "<CAKM=vGWJuDQ8PU+D2sFTDmz0r5Btq4b6kVYdpOTdES1Ag4CevQ@mail.gmail.com>"
D, [2019-11-10T10:23:27.029788 #21811] DEBUG -- : - found message <CAKM=vGWJuDQ8PU+D2sFTDmz0r5Btq4b6kVYdpOTdES1Ag4CevQ@mail.gmail.com>
D, [2019-11-10T10:23:27.029824 #21811] DEBUG -- : - message has plaintext? true
D, [2019-11-10T10:23:27.029851 #21811] DEBUG -- : - full message cache hit
D, [2019-11-10T10:23:27.029871 #21811] DEBUG -- : Showing message message_id: <CAKM=vGWJuDQ8PU+D2sFTDmz0r5Btq4b6kVYdpOTdES1Ag4CevQ@mail.gmail.com>
D, [2019-11-10T10:23:27.627377 #21811] DEBUG -- : Show message: "<SS-F-APP01rIcKh8GyU0003d091@smtp.sendgrid.net>"
D, [2019-11-10T10:23:27.627691 #21811] DEBUG -- : - found message <SS-F-APP01rIcKh8GyU0003d091@smtp.sendgrid.net>
D, [2019-11-10T10:23:27.627735 #21811] DEBUG -- : - message has plaintext? true
D, [2019-11-10T10:23:27.627758 #21811] DEBUG -- : - full message cache hit
D, [2019-11-10T10:23:27.627778 #21811] DEBUG -- : Showing message message_id: <SS-F-APP01rIcKh8GyU0003d091@smtp.sendgrid.net>
D, [2019-11-10T10:23:28.128447 #21811] DEBUG -- : Show message: "<CAMLjk2LAOMvEFdTwG9aaANy6w0-P4zjBQk6Z6Tappr97uVoPww@mail.gmail.com>"
D, [2019-11-10T10:23:28.128774 #21811] DEBUG -- : - found message <CAMLjk2LAOMvEFdTwG9aaANy6w0-P4zjBQk6Z6Tappr97uVoPww@mail.gmail.com>
D, [2019-11-10T10:23:28.128816 #21811] DEBUG -- : - message has plaintext? true
D, [2019-11-10T10:23:28.128838 #21811] DEBUG -- : - full message cache hit
D, [2019-11-10T10:23:28.128856 #21811] DEBUG -- : Showing message message_id: <CAMLjk2LAOMvEFdTwG9aaANy6w0-P4zjBQk6Z6Tappr97uVoPww@mail.gmail.com>
D, [2019-11-10T10:23:28.787584 #21811] DEBUG -- : Show message: "<CAOJDc+RER-J_gvcAE04LCVtMsQEtPBgqF3o9khcPj82hS=3YYg@mail.gmail.com>"
D, [2019-11-10T10:23:28.787862 #21811] DEBUG -- : - found message <CAOJDc+RER-J_gvcAE04LCVtMsQEtPBgqF3o9khcPj82hS=3YYg@mail.gmail.com>
D, [2019-11-10T10:23:28.787895 #21811] DEBUG -- : - message has plaintext? false
D, [2019-11-10T10:23:28.787912 #21811] DEBUG -- : - full message cache miss
D, [2019-11-10T10:23:28.788203 #21811] DEBUG -- : - fetching message uid 50477
D, [2019-11-10T10:23:29.436938 #21811] DEBUG -- : Showing message message_id: <CAOJDc+RER-J_gvcAE04LCVtMsQEtPBgqF3o9khcPj82hS=3YYg@mail.gmail.com>
D, [2019-11-10T10:23:30.020925 #21811] DEBUG -- : Show message: "<f651UmWBTmWvkukp8lHhGw@ismtpd0005p1sjc2.sendgrid.net>"
D, [2019-11-10T10:23:30.021230 #21811] DEBUG -- : - found message <f651UmWBTmWvkukp8lHhGw@ismtpd0005p1sjc2.sendgrid.net>
D, [2019-11-10T10:23:30.021272 #21811] DEBUG -- : - message has plaintext? false
D, [2019-11-10T10:23:30.021292 #21811] DEBUG -- : - full message cache miss
D, [2019-11-10T10:23:30.021579 #21811] DEBUG -- : - fetching message uid 50491
D, [2019-11-10T10:23:30.724158 #21811] DEBUG -- : Showing message message_id: <f651UmWBTmWvkukp8lHhGw@ismtpd0005p1sjc2.sendgrid.net>
D, [2019-11-10T10:23:31.237629 #21811] DEBUG -- : Show message: "<0100016e54328c13-d00afa62-5c68-489f-96f3-f99ee17ebef2-000000@email.amazonses.com>"
D, [2019-11-10T10:23:31.237878 #21811] DEBUG -- : - found message <0100016e54328c13-d00afa62-5c68-489f-96f3-f99ee17ebef2-000000@email.amazonses.com>
D, [2019-11-10T10:23:31.237909 #21811] DEBUG -- : - message has plaintext? false
D, [2019-11-10T10:23:31.237925 #21811] DEBUG -- : - full message cache miss
D, [2019-11-10T10:23:31.238187 #21811] DEBUG -- : - fetching message uid 50492
D, [2019-11-10T10:23:31.574603 #21811] DEBUG -- : Showing message message_id: <0100016e54328c13-d00afa62-5c68-489f-96f3-f99ee17ebef2-000000@email.amazonses.com>
D, [2019-11-10T10:23:32.090328 #21811] DEBUG -- : Show message: "<20191110133919.1.3E70A4FEC5E2A9A5@rapport2.com>"
D, [2019-11-10T10:23:32.090600 #21811] DEBUG -- : - found message <20191110133919.1.3E70A4FEC5E2A9A5@rapport2.com>
D, [2019-11-10T10:23:32.090630 #21811] DEBUG -- : - message has plaintext? false
D, [2019-11-10T10:23:32.090646 #21811] DEBUG -- : - full message cache miss
D, [2019-11-10T10:23:32.091187 #21811] DEBUG -- : - fetching message uid 50494
D, [2019-11-10T10:23:32.508927 #21811] DEBUG -- : Showing message message_id: <20191110133919.1.3E70A4FEC5E2A9A5@rapport2.com>
D, [2019-11-10T10:23:32.988532 #21811] DEBUG -- : Show message: "<20191110133919.1.3E70A4FEC5E2A9A5@rapport2.com>"
D, [2019-11-10T10:23:32.988865 #21811] DEBUG -- : - found message <20191110133919.1.3E70A4FEC5E2A9A5@rapport2.com>
D, [2019-11-10T10:23:32.988911 #21811] DEBUG -- : - message has plaintext? true
D, [2019-11-10T10:23:32.988932 #21811] DEBUG -- : - full message cache hit
D, [2019-11-10T10:23:32.988953 #21811] DEBUG -- : Showing message message_id: <20191110133919.1.3E70A4FEC5E2A9A5@rapport2.com>
D, [2019-11-10T10:23:33.575739 #21811] DEBUG -- : Show message: "<20191110133919.1.3E70A4FEC5E2A9A5@rapport2.com>"
D, [2019-11-10T10:23:33.576114 #21811] DEBUG -- : - found message <20191110133919.1.3E70A4FEC5E2A9A5@rapport2.com>
D, [2019-11-10T10:23:33.576146 #21811] DEBUG -- : - message has plaintext? true
D, [2019-11-10T10:23:33.576163 #21811] DEBUG -- : - full message cache hit
D, [2019-11-10T10:23:33.576179 #21811] DEBUG -- : Showing message message_id: <20191110133919.1.3E70A4FEC5E2A9A5@rapport2.com>
D, [2019-11-10T10:23:37.161355 #21811] DEBUG -- : Show message: "<0100016e54328c13-d00afa62-5c68-489f-96f3-f99ee17ebef2-000000@email.amazonses.com>"
D, [2019-11-10T10:23:37.161645 #21811] DEBUG -- : - found message <0100016e54328c13-d00afa62-5c68-489f-96f3-f99ee17ebef2-000000@email.amazonses.com>
D, [2019-11-10T10:23:37.161676 #21811] DEBUG -- : - message has plaintext? true
D, [2019-11-10T10:23:37.161693 #21811] DEBUG -- : - full message cache hit
D, [2019-11-10T10:23:37.161709 #21811] DEBUG -- : Showing message message_id: <0100016e54328c13-d00afa62-5c68-489f-96f3-f99ee17ebef2-000000@email.amazonses.com>
D, [2019-11-10T10:23:40.854051 #21811] DEBUG -- : Flag [50492] Deleted +FLAGS
D, [2019-11-10T10:23:40.854235 #21811] DEBUG -- : Deleting uid_set: [50492]
D, [2019-11-10T10:23:40.854313 #21811] DEBUG -- : Decremented max seqno from 153 to 152
D, [2019-11-10T10:23:40.855079 #21811] DEBUG -- : imap.uid_copy [50492] to [Gmail]/Trash
D, [2019-11-10T10:23:41.344362 #21811] DEBUG -- : RUBY0027 OK [COPYUID 623161761 50492 9443] (Success)

D, [2019-11-10T10:23:41.344681 #21811] DEBUG -- : imap.uid_store [50492] +FLAGS [Deleted]
D, [2019-11-10T10:23:41.520897 #21811] DEBUG -- : nil
D, [2019-11-10T10:23:41.521145 #21811] DEBUG -- : Selecting mailbox "INBOX"
D, [2019-11-10T10:23:41.690087 #21811] DEBUG -- : RUBY0029 OK [READ-WRITE] INBOX selected. (Success)

D, [2019-11-10T10:23:41.690581 #21811] DEBUG -- : Done
D, [2019-11-10T10:23:41.693493 #21811] DEBUG -- : Getting mailbox status
D, [2019-11-10T10:23:41.693884 #21811] DEBUG -- : Getting highest message id
D, [2019-11-10T10:23:41.854967 #21811] DEBUG -- : Highest seqno: 152
D, [2019-11-10T10:23:41.855068 #21811] DEBUG -- : Clearing cached message
D, [2019-11-10T10:23:53.802815 #21811] DEBUG -- : Flag [50491, 50477, 50473, 50471] Deleted +FLAGS
D, [2019-11-10T10:23:53.802876 #21811] DEBUG -- : Deleting uid_set: [50491, 50477, 50473, 50471]
D, [2019-11-10T10:23:53.802902 #21811] DEBUG -- : Decremented max seqno from 152 to 148
D, [2019-11-10T10:23:53.803090 #21811] DEBUG -- : imap.uid_copy [50491, 50477, 50473, 50471] to [Gmail]/Trash
D, [2019-11-10T10:23:54.243080 #21811] DEBUG -- : RUBY0031 OK [COPYUID 623161761 50471,50473,50477,50491 9447,9446,9445,9444] (Success)

D, [2019-11-10T10:23:54.243255 #21811] DEBUG -- : imap.uid_store [50491, 50477, 50473, 50471] +FLAGS [Deleted]
D, [2019-11-10T10:23:54.407794 #21811] DEBUG -- : nil
D, [2019-11-10T10:23:54.407916 #21811] DEBUG -- : Selecting mailbox "INBOX"
D, [2019-11-10T10:23:54.578566 #21811] DEBUG -- : RUBY0033 OK [READ-WRITE] INBOX selected. (Success)

D, [2019-11-10T10:23:54.580830 #21811] DEBUG -- : Done
D, [2019-11-10T10:23:54.581422 #21811] DEBUG -- : Getting mailbox status
D, [2019-11-10T10:23:54.581476 #21811] DEBUG -- : Getting highest message id
D, [2019-11-10T10:23:54.738954 #21811] DEBUG -- : Highest seqno: 148
D, [2019-11-10T10:23:54.739061 #21811] DEBUG -- : Clearing cached message
D, [2019-11-10T10:23:55.661721 #21811] DEBUG -- : Show message: "<CAKM=vGWJuDQ8PU+D2sFTDmz0r5Btq4b6kVYdpOTdES1Ag4CevQ@mail.gmail.com>"
D, [2019-11-10T10:23:55.662037 #21811] DEBUG -- : - found message <CAKM=vGWJuDQ8PU+D2sFTDmz0r5Btq4b6kVYdpOTdES1Ag4CevQ@mail.gmail.com>
D, [2019-11-10T10:23:55.662072 #21811] DEBUG -- : - message has plaintext? true
D, [2019-11-10T10:23:55.662092 #21811] DEBUG -- : - full message cache hit
D, [2019-11-10T10:23:55.662188 #21811] DEBUG -- : Showing message message_id: <CAKM=vGWJuDQ8PU+D2sFTDmz0r5Btq4b6kVYdpOTdES1Ag4CevQ@mail.gmail.com>
D, [2019-11-10T10:24:09.427648 #21811] DEBUG -- : Flag [50422, 50421, 50417, 50415, 50413, 50412, 50369, 50367, 50365, 50360, 50354, 50342, 50341, 50340, 50317, 50297, 50283, 50271, 50270, 50267, 50262, 50258, 50208, 50197, 50189, 50177, 50163, 50149, 50146, 50142, 50129, 50128, 50127, 50119, 50091, 50062, 50032, 50023, 50022, 50017, 50016, 50015, 50012, 50004, 50000, 49999, 49995, 49993, 49987, 49982, 49979, 49978, 49971, 49969, 49968, 49960, 49959, 49958, 49951, 49939, 49916, 49915, 49914, 49905, 49901, 49892, 49880, 49867, 49865, 49856, 49854, 49843, 49829, 49828, 49827, 49826, 49825, 49823, 49821, 49818, 49815, 49813, 49809, 49805, 49799, 49798, 49783, 49781, 49776, 49773, 49771] Deleted +FLAGS
D, [2019-11-10T10:24:09.427764 #21811] DEBUG -- : Deleting uid_set: [50422, 50421, 50417, 50415, 50413, 50412, 50369, 50367, 50365, 50360, 50354, 50342, 50341, 50340, 50317, 50297, 50283, 50271, 50270, 50267, 50262, 50258, 50208, 50197, 50189, 50177, 50163, 50149, 50146, 50142, 50129, 50128, 50127, 50119, 50091, 50062, 50032, 50023, 50022, 50017, 50016, 50015, 50012, 50004, 50000, 49999, 49995, 49993, 49987, 49982, 49979, 49978, 49971, 49969, 49968, 49960, 49959, 49958, 49951, 49939, 49916, 49915, 49914, 49905, 49901, 49892, 49880, 49867, 49865, 49856, 49854, 49843, 49829, 49828, 49827, 49826, 49825, 49823, 49821, 49818, 49815, 49813, 49809, 49805, 49799, 49798, 49783, 49781, 49776, 49773, 49771]
D, [2019-11-10T10:24:09.427805 #21811] DEBUG -- : Decremented max seqno from 148 to 57
D, [2019-11-10T10:24:09.428044 #21811] DEBUG -- : imap.uid_copy [50422, 50421, 50417, 50415, 50413, 50412, 50369, 50367, 50365, 50360, 50354, 50342, 50341, 50340, 50317, 50297, 50283, 50271, 50270, 50267, 50262, 50258, 50208, 50197, 50189, 50177, 50163, 50149, 50146, 50142, 50129, 50128, 50127, 50119, 50091, 50062, 50032, 50023, 50022, 50017, 50016, 50015, 50012, 50004, 50000, 49999, 49995, 49993, 49987, 49982, 49979, 49978, 49971, 49969, 49968, 49960, 49959, 49958, 49951, 49939, 49916, 49915, 49914, 49905, 49901, 49892, 49880, 49867, 49865, 49856, 49854, 49843, 49829, 49828, 49827, 49826, 49825, 49823, 49821, 49818, 49815, 49813, 49809, 49805, 49799, 49798, 49783, 49781, 49776, 49773, 49771] to [Gmail]/Trash
D, [2019-11-10T10:24:10.121416 #21811] DEBUG -- : RUBY0035 OK [COPYUID 623161761 49771,49773,49776,49781,49783,49798:49799,49805,49809,49813,49815,49818,49821,49823,49825:49829,49843,49854,49856,49865,49867,49880,49892,49901,49905,49914:49916,49939,49951,49958:49960,49968:49969,49971,49978:49979,49982,49987,49993,49995,49999:50000,50004,50012,50015:50017,50022:50023,50032,50062,50091,50119,50127:50129,50142,50146,50149,50163,50177,50189,50197,50208,50258,50262,50267,50270:50271,50283,50297,50317,50340:50342,50354,50360,50365,50367,50369,50412:50413,50415,50417,50421:50422 9538,9537,9536,9535,9534,9533,9532,9531,9530,9529,9528,9527,9526,9525,9524,9523,9522,9521,9520,9519,9518,9517,9516,9515,9514,9513,9512,9511,9510,9509,9508,9507,9506,9505,9504,9503,9502,9501,9500,9499,9498,9497,9496,9495,9494,9493,9492,9491,9490,9489,9488,9487,9486,9485,9484,9483,9482,9481,9480,9479,9478,9477,9476,9475,9474,9473,9472,9471,9470,9469,9468,9467,9466,9465,9464,9463,9462,9461,9460,9459,9458,9457,9456,9455,9454,9453,9452,9451,9450,9449,9448] (Success)

D, [2019-11-10T10:24:10.121552 #21811] DEBUG -- : imap.uid_store [50422, 50421, 50417, 50415, 50413, 50412, 50369, 50367, 50365, 50360, 50354, 50342, 50341, 50340, 50317, 50297, 50283, 50271, 50270, 50267, 50262, 50258, 50208, 50197, 50189, 50177, 50163, 50149, 50146, 50142, 50129, 50128, 50127, 50119, 50091, 50062, 50032, 50023, 50022, 50017, 50016, 50015, 50012, 50004, 50000, 49999, 49995, 49993, 49987, 49982, 49979, 49978, 49971, 49969, 49968, 49960, 49959, 49958, 49951, 49939, 49916, 49915, 49914, 49905, 49901, 49892, 49880, 49867, 49865, 49856, 49854, 49843, 49829, 49828, 49827, 49826, 49825, 49823, 49821, 49818, 49815, 49813, 49809, 49805, 49799, 49798, 49783, 49781, 49776, 49773, 49771] +FLAGS [Deleted]
D, [2019-11-10T10:24:10.394797 #21811] DEBUG -- : nil
D, [2019-11-10T10:24:10.394909 #21811] DEBUG -- : Selecting mailbox "INBOX"
D, [2019-11-10T10:24:10.832967 #21811] DEBUG -- : RUBY0037 OK [READ-WRITE] INBOX selected. (Success)

D, [2019-11-10T10:24:10.833115 #21811] DEBUG -- : Done
D, [2019-11-10T10:24:10.833685 #21811] DEBUG -- : Getting mailbox status
D, [2019-11-10T10:24:10.833767 #21811] DEBUG -- : Getting highest message id
D, [2019-11-10T10:24:10.995639 #21811] DEBUG -- : Highest seqno: 57
D, [2019-11-10T10:24:10.995735 #21811] DEBUG -- : Clearing cached message
D, [2019-11-10T10:24:11.615364 #21811] DEBUG -- : Getting more_messages
D, [2019-11-10T10:24:11.615429 #21811] DEBUG -- : Old start_index: 56
D, [2019-11-10T10:24:11.615465 #21811] DEBUG -- : New start_index: 1
D, [2019-11-10T10:24:11.615544 #21811] DEBUG -- : [1, 2, 3, 4, 5, 6, 7, 8, 9, 10, 11, 12, 13, 14, 15, 16, 17, 18, 19, 20, 21, 22, 23, 24, 25, 26, 27, 28, 29, 30, 31, 32, 33, 34, 35, 36, 37, 38, 39, 40, 41, 42, 43, 44, 45, 46, 47, 48, 49, 50, 51, 52, 53, 54, 55]
D, [2019-11-10T10:24:11.615574 #21811] DEBUG -- : Fetching headers for 55 messages
D, [2019-11-10T10:24:15.738717 #21811] DEBUG -- : Flag [49768, 49767, 49765, 49753, 49748, 49744, 49741, 49726, 49715, 49706, 49670, 49661, 49656, 49638, 49636, 49621, 49620, 49614, 49612, 49603, 49596, 49582, 49581, 49575, 49573, 49551, 49523, 49514, 49480, 49479, 49434, 49413, 49373, 49369, 49368, 49367, 49318, 49316, 49314, 49311, 49307, 49306, 49305, 49304, 49300, 49299, 49285, 49280, 49275, 49210, 49206, 49205, 49177, 49167, 49166] Deleted +FLAGS
D, [2019-11-10T10:24:15.738794 #21811] DEBUG -- : Deleting uid_set: [49768, 49767, 49765, 49753, 49748, 49744, 49741, 49726, 49715, 49706, 49670, 49661, 49656, 49638, 49636, 49621, 49620, 49614, 49612, 49603, 49596, 49582, 49581, 49575, 49573, 49551, 49523, 49514, 49480, 49479, 49434, 49413, 49373, 49369, 49368, 49367, 49318, 49316, 49314, 49311, 49307, 49306, 49305, 49304, 49300, 49299, 49285, 49280, 49275, 49210, 49206, 49205, 49177, 49167, 49166]
D, [2019-11-10T10:24:15.738825 #21811] DEBUG -- : Decremented max seqno from 57 to 2
D, [2019-11-10T10:24:15.739079 #21811] DEBUG -- : imap.uid_copy [49768, 49767, 49765, 49753, 49748, 49744, 49741, 49726, 49715, 49706, 49670, 49661, 49656, 49638, 49636, 49621, 49620, 49614, 49612, 49603, 49596, 49582, 49581, 49575, 49573, 49551, 49523, 49514, 49480, 49479, 49434, 49413, 49373, 49369, 49368, 49367, 49318, 49316, 49314, 49311, 49307, 49306, 49305, 49304, 49300, 49299, 49285, 49280, 49275, 49210, 49206, 49205, 49177, 49167, 49166] to [Gmail]/Trash
D, [2019-11-10T10:24:16.567981 #21811] DEBUG -- : RUBY0040 OK [COPYUID 623161761 49166:49167,49177,49205:49206,49210,49275,49280,49285,49299:49300,49304:49307,49311,49314,49316,49318,49367:49369,49373,49413,49434,49479:49480,49514,49523,49551,49573,49575,49581:49582,49596,49603,49612,49614,49620:49621,49636,49638,49656,49661,49670,49706,49715,49726,49741,49744,49748,49753,49765,49767:49768 9593,9592,9591,9590,9589,9588,9586,9585,9584,9583,9582,9581,9580,9579,9578,9577,9576,9575,9574,9573,9572,9571,9570,9569,9568,9567,9566,9565,9564,9587,9563,9562,9561,9560,9559,9558,9557,9556,9555,9554,9553,9552,9551,9550,9549,9548,9547,9546,9545,9544,9543,9542,9541,9540,9539] (Success)

D, [2019-11-10T10:24:16.568065 #21811] DEBUG -- : imap.uid_store [49768, 49767, 49765, 49753, 49748, 49744, 49741, 49726, 49715, 49706, 49670, 49661, 49656, 49638, 49636, 49621, 49620, 49614, 49612, 49603, 49596, 49582, 49581, 49575, 49573, 49551, 49523, 49514, 49480, 49479, 49434, 49413, 49373, 49369, 49368, 49367, 49318, 49316, 49314, 49311, 49307, 49306, 49305, 49304, 49300, 49299, 49285, 49280, 49275, 49210, 49206, 49205, 49177, 49167, 49166] +FLAGS [Deleted]
D, [2019-11-10T10:24:16.745226 #21811] DEBUG -- : nil
D, [2019-11-10T10:24:16.745364 #21811] DEBUG -- : Selecting mailbox "INBOX"
D, [2019-11-10T10:24:16.935588 #21811] DEBUG -- : RUBY0042 OK [READ-WRITE] INBOX selected. (Success)

D, [2019-11-10T10:24:16.935737 #21811] DEBUG -- : Done
D, [2019-11-10T10:24:16.936222 #21811] DEBUG -- : Getting mailbox status
D, [2019-11-10T10:24:16.936271 #21811] DEBUG -- : Getting highest message id
D, [2019-11-10T10:24:17.093048 #21811] DEBUG -- : Highest seqno: 2
D, [2019-11-10T10:24:17.093251 #21811] DEBUG -- : Clearing cached message
D, [2019-11-10T10:24:20.719902 #21811] DEBUG -- : Show message: "<20191110133919.1.3E70A4FEC5E2A9A5@rapport2.com>"
D, [2019-11-10T10:24:20.720178 #21811] DEBUG -- : - found message <20191110133919.1.3E70A4FEC5E2A9A5@rapport2.com>
D, [2019-11-10T10:24:20.720209 #21811] DEBUG -- : - message has plaintext? true
D, [2019-11-10T10:24:20.720225 #21811] DEBUG -- : - full message cache hit
D, [2019-11-10T10:24:20.720240 #21811] DEBUG -- : Showing message message_id: <20191110133919.1.3E70A4FEC5E2A9A5@rapport2.com>
D, [2019-11-10T10:24:42.982938 #21811] DEBUG -- : Closing connection
D, [2019-11-10T10:25:14.729243 #27698] DEBUG -- : RUBY0001 OK paul@paulnorthup.com authenticated (Success)

D, [2019-11-10T10:25:14.731453 #27698] DEBUG -- : loading mailboxes...
D, [2019-11-10T10:25:14.895015 #27698] DEBUG -- : Loaded mailboxes: ["INBOX", "Activity", "Favorites", "Notes", "Receipt", "Reference", "Tax", "Travel", "Weekly Digest", "[Gmail]/All Mail", "[Gmail]/Drafts", "[Gmail]/Important", "[Gmail]/Sent Mail", "[Gmail]/Spam", "[Gmail]/Starred", "[Gmail]/Trash"].inspect
D, [2019-11-10T10:25:14.895170 #27698] DEBUG -- : Setting aliases to {"sent"=>"[Gmail]/Sent Mail", "all"=>"[Gmail]/All Mail", "starred"=>"[Gmail]/Starred", "important"=>"[Gmail]/Important", "drafts"=>"[Gmail]/Drafts", "spam"=>"[Gmail]/Spam", "trash"=>"[Gmail]/Trash"}
D, [2019-11-10T10:25:14.897906 #27698] DEBUG -- : Selecting mailbox "INBOX"
D, [2019-11-10T10:25:15.076081 #27698] DEBUG -- : RUBY0003 OK [READ-WRITE] INBOX selected. (Success)

D, [2019-11-10T10:25:15.076313 #27698] DEBUG -- : Done
D, [2019-11-10T10:25:15.076880 #27698] DEBUG -- : Getting mailbox status
D, [2019-11-10T10:25:15.076936 #27698] DEBUG -- : Getting highest message id
D, [2019-11-10T10:25:15.229185 #27698] DEBUG -- : Highest seqno: 2
D, [2019-11-10T10:25:15.819023 #27698] DEBUG -- : Setting window width to 333
D, [2019-11-10T10:25:16.030088 #27698] DEBUG -- : Selecting mailbox "INBOX"
D, [2019-11-10T10:25:16.192698 #27698] DEBUG -- : RUBY0005 OK [READ-WRITE] INBOX selected. (Success)

D, [2019-11-10T10:25:16.192859 #27698] DEBUG -- : Done
D, [2019-11-10T10:25:16.193541 #27698] DEBUG -- : Getting mailbox status
D, [2019-11-10T10:25:16.193710 #27698] DEBUG -- : Getting highest message id
D, [2019-11-10T10:25:16.347643 #27698] DEBUG -- : Highest seqno: 2
D, [2019-11-10T10:25:16.645959 #27698] DEBUG -- : #search: "\"all\""
D, [2019-11-10T10:25:16.646077 #27698] DEBUG -- : Query: "1:2 all"
D, [2019-11-10T10:25:16.799174 #27698] DEBUG -- : - Query got 2 results; max seqno: 2
D, [2019-11-10T10:25:16.799291 #27698] DEBUG -- : Clearing cached message
D, [2019-11-10T10:25:16.799339 #27698] DEBUG -- : Fetching headers for 2 messages
D, [2019-11-10T10:25:18.555075 #27698] DEBUG -- : Closing connection
D, [2019-11-10T10:35:14.584436 #41927] DEBUG -- : RUBY0001 OK paul@paulnorthup.com authenticated (Success)

D, [2019-11-10T10:35:14.586620 #41927] DEBUG -- : loading mailboxes...
D, [2019-11-10T10:35:15.228577 #41927] DEBUG -- : Loaded mailboxes: ["INBOX", "Activity", "Favorites", "Notes", "Receipt", "Reference", "Tax", "Travel", "Weekly Digest", "[Gmail]/All Mail", "[Gmail]/Drafts", "[Gmail]/Important", "[Gmail]/Sent Mail", "[Gmail]/Spam", "[Gmail]/Starred", "[Gmail]/Trash"].inspect
D, [2019-11-10T10:35:15.228745 #41927] DEBUG -- : Setting aliases to {"sent"=>"[Gmail]/Sent Mail", "all"=>"[Gmail]/All Mail", "starred"=>"[Gmail]/Starred", "important"=>"[Gmail]/Important", "drafts"=>"[Gmail]/Drafts", "spam"=>"[Gmail]/Spam", "trash"=>"[Gmail]/Trash"}
D, [2019-11-10T10:35:15.231829 #41927] DEBUG -- : Selecting mailbox "INBOX"
D, [2019-11-10T10:35:15.405320 #41927] DEBUG -- : RUBY0003 OK [READ-WRITE] INBOX selected. (Success)

D, [2019-11-10T10:35:15.405548 #41927] DEBUG -- : Done
D, [2019-11-10T10:35:15.406156 #41927] DEBUG -- : Getting mailbox status
D, [2019-11-10T10:35:15.406219 #41927] DEBUG -- : Getting highest message id
D, [2019-11-10T10:35:15.562842 #41927] DEBUG -- : Highest seqno: 2
D, [2019-11-10T10:35:16.172650 #41927] DEBUG -- : Setting window width to 333
D, [2019-11-10T10:35:16.392423 #41927] DEBUG -- : Selecting mailbox "INBOX"
D, [2019-11-10T10:35:16.636814 #41927] DEBUG -- : RUBY0005 OK [READ-WRITE] INBOX selected. (Success)

D, [2019-11-10T10:35:16.636970 #41927] DEBUG -- : Done
D, [2019-11-10T10:35:16.637656 #41927] DEBUG -- : Getting mailbox status
D, [2019-11-10T10:35:16.637711 #41927] DEBUG -- : Getting highest message id
D, [2019-11-10T10:35:16.795315 #41927] DEBUG -- : Highest seqno: 2
D, [2019-11-10T10:35:17.093574 #41927] DEBUG -- : #search: "\"all\""
D, [2019-11-10T10:35:17.093696 #41927] DEBUG -- : Query: "1:2 all"
D, [2019-11-10T10:35:17.269892 #41927] DEBUG -- : - Query got 2 results; max seqno: 2
D, [2019-11-10T10:35:17.270002 #41927] DEBUG -- : Clearing cached message
D, [2019-11-10T10:35:17.270049 #41927] DEBUG -- : Fetching headers for 2 messages
D, [2019-11-10T10:35:20.411143 #41927] DEBUG -- : Show message: "<CANG9EN=gLDsxrPstD+HZoseH+=t4Kr+BcyNCj4-8qROa_n0Ckg@mail.gmail.com>"
D, [2019-11-10T10:35:20.411448 #41927] DEBUG -- : - found message <CANG9EN=gLDsxrPstD+HZoseH+=t4Kr+BcyNCj4-8qROa_n0Ckg@mail.gmail.com>
D, [2019-11-10T10:35:20.411497 #41927] DEBUG -- : - message has plaintext? false
D, [2019-11-10T10:35:20.411519 #41927] DEBUG -- : - full message cache miss
D, [2019-11-10T10:35:20.411815 #41927] DEBUG -- : - fetching message uid 49769
D, [2019-11-10T10:35:23.810071 #41927] DEBUG -- : Showing message message_id: <CANG9EN=gLDsxrPstD+HZoseH+=t4Kr+BcyNCj4-8qROa_n0Ckg@mail.gmail.com>
D, [2019-11-10T10:35:39.272207 #41927] DEBUG -- : Flag [49769] Deleted +FLAGS
D, [2019-11-10T10:35:39.272266 #41927] DEBUG -- : Deleting uid_set: [49769]
D, [2019-11-10T10:35:39.272295 #41927] DEBUG -- : Decremented max seqno from 2 to 1
D, [2019-11-10T10:35:39.272469 #41927] DEBUG -- : imap.uid_copy [49769] to [Gmail]/Trash
D, [2019-11-10T10:35:40.423807 #41927] DEBUG -- : RUBY0010 OK [COPYUID 623161761 49769 9594] (Success)

D, [2019-11-10T10:35:40.426098 #41927] DEBUG -- : imap.uid_store [49769] +FLAGS [Deleted]
D, [2019-11-10T10:35:40.584874 #41927] DEBUG -- : nil
D, [2019-11-10T10:35:40.585527 #41927] DEBUG -- : Selecting mailbox "INBOX"
D, [2019-11-10T10:35:40.778510 #41927] DEBUG -- : RUBY0012 OK [READ-WRITE] INBOX selected. (Success)

D, [2019-11-10T10:35:40.778600 #41927] DEBUG -- : Done
D, [2019-11-10T10:35:40.778935 #41927] DEBUG -- : Getting mailbox status
D, [2019-11-10T10:35:40.778968 #41927] DEBUG -- : Getting highest message id
D, [2019-11-10T10:35:40.849311 #41927] DEBUG -- : Show message: "<20191110133919.1.3E70A4FEC5E2A9A5@rapport2.com>"
D, [2019-11-10T10:35:40.849598 #41927] DEBUG -- : - found message <20191110133919.1.3E70A4FEC5E2A9A5@rapport2.com>
D, [2019-11-10T10:35:40.849640 #41927] DEBUG -- : - message has plaintext? true
D, [2019-11-10T10:35:40.849661 #41927] DEBUG -- : - full message cache hit
D, [2019-11-10T10:35:40.849680 #41927] DEBUG -- : Showing message message_id: <20191110133919.1.3E70A4FEC5E2A9A5@rapport2.com>
D, [2019-11-10T10:35:40.932897 #41927] DEBUG -- : Highest seqno: 1
D, [2019-11-10T10:35:40.933182 #41927] DEBUG -- : Clearing cached message
D, [2019-11-10T11:38:09.421214 #41927] DEBUG -- : Priming connection
D, [2019-11-10T11:38:09.421614 #41927] DEBUG -- : Error: end of file reached
D, [2019-11-10T11:38:09.421675 #41927] DEBUG -- : Attempting to reconnect
D, [2019-11-10T11:38:09.421716 #41927] DEBUG -- : Closing connection
D, [2019-11-10T11:38:09.422098 #41927] DEBUG -- : Reviving connection
D, [2019-11-10T11:38:10.940813 #41927] DEBUG -- : RUBY0001 OK paul@paulnorthup.com authenticated (Success)

D, [2019-11-10T11:38:10.942880 #41927] DEBUG -- : loading mailboxes...
D, [2019-11-10T11:38:10.943005 #41927] DEBUG -- : Loaded mailboxes: ["INBOX", "Activity", "Favorites", "Notes", "Receipt", "Reference", "Tax", "Travel", "Weekly Digest", "all", "drafts", "important", "sent", "spam", "starred", "trash"].inspect
D, [2019-11-10T11:38:10.943110 #41927] DEBUG -- : Reselecting mailbox INBOX
D, [2019-11-10T11:38:11.769803 #41927] DEBUG -- : RUBY0002 OK [READ-WRITE] INBOX selected. (Success)

D, [2019-11-10T11:38:11.770011 #41927] DEBUG -- : Priming connection
D, [2019-11-10T11:38:12.580058 #41927] DEBUG -- : Checking for new messages
D, [2019-11-10T11:38:12.580220 #41927] DEBUG -- : Selecting mailbox "INBOX"
D, [2019-11-10T11:38:12.744538 #41927] DEBUG -- : RUBY0004 OK [READ-WRITE] INBOX selected. (Success)

D, [2019-11-10T11:38:12.744700 #41927] DEBUG -- : Done
D, [2019-11-10T11:38:12.745192 #41927] DEBUG -- : Getting mailbox status
D, [2019-11-10T11:38:12.745254 #41927] DEBUG -- : Getting highest message id
D, [2019-11-10T11:38:12.897029 #41927] DEBUG -- : Highest seqno: 3
D, [2019-11-10T11:38:12.897321 #41927] DEBUG -- : Search #update_query
D, [2019-11-10T11:38:13.042615 #41927] DEBUG -- : - got seqnos: [1, 2, 3]
D, [2019-11-10T11:38:13.042710 #41927] DEBUG -- : - getting seqnos > 1
D, [2019-11-10T11:38:13.042751 #41927] DEBUG -- : - setting max_seqno to 3
D, [2019-11-10T11:38:13.042796 #41927] DEBUG -- : - new uids found: [2, 3]
D, [2019-11-10T11:38:13.064575 #41927] DEBUG -- : Fetching headers for 2 messages
D, [2019-11-10T11:38:27.370136 #41927] DEBUG -- : Decremented max seqno from 3 to 2
D, [2019-11-10T11:38:27.370199 #41927] DEBUG -- : Move [50498] to all
D, [2019-11-10T11:38:27.370221 #41927] DEBUG -- : Archiving messages
D, [2019-11-10T11:38:27.370252 #41927] DEBUG -- : Moving uid_set: [50498] to [Gmail]/All Mail
D, [2019-11-10T11:38:27.867130 #41927] DEBUG -- : RUBY0008 OK [COPYUID 623161770 50498 115888] (Success)

D, [2019-11-10T11:38:28.456667 #41927] DEBUG -- : [#<struct Net::IMAP::FetchData seqno=3, attr={"FLAGS"=>[:Deleted], "UID"=>50498}>]
D, [2019-11-10T11:38:28.456817 #41927] DEBUG -- : Selecting mailbox "INBOX"
D, [2019-11-10T11:38:28.627858 #41927] DEBUG -- : RUBY0010 OK [READ-WRITE] INBOX selected. (Success)

D, [2019-11-10T11:38:28.628019 #41927] DEBUG -- : Done
D, [2019-11-10T11:38:28.628548 #41927] DEBUG -- : Getting mailbox status
D, [2019-11-10T11:38:28.628604 #41927] DEBUG -- : Getting highest message id
D, [2019-11-10T11:38:28.784476 #41927] DEBUG -- : Highest seqno: 2
D, [2019-11-10T11:38:28.788512 #41927] DEBUG -- : Clearing cached message
D, [2019-11-10T11:38:28.788609 #41927] DEBUG -- : Moved uid_set [50498] to [Gmail]/All Mail
D, [2019-11-10T11:38:29.095028 #41927] DEBUG -- : Decremented max seqno from 2 to 1
D, [2019-11-10T11:38:29.095092 #41927] DEBUG -- : Move [50497] to all
D, [2019-11-10T11:38:29.095120 #41927] DEBUG -- : Archiving messages
D, [2019-11-10T11:38:29.095151 #41927] DEBUG -- : Moving uid_set: [50497] to [Gmail]/All Mail
D, [2019-11-10T11:38:29.360661 #41927] DEBUG -- : RUBY0012 OK [COPYUID 623161770 50497 115887] (Success)

D, [2019-11-10T11:38:29.781625 #41927] DEBUG -- : [#<struct Net::IMAP::FetchData seqno=2, attr={"FLAGS"=>[:Deleted], "UID"=>50497}>]
D, [2019-11-10T11:38:29.781767 #41927] DEBUG -- : Selecting mailbox "INBOX"
D, [2019-11-10T11:38:30.704000 #41927] DEBUG -- : RUBY0014 OK [READ-WRITE] INBOX selected. (Success)

D, [2019-11-10T11:38:30.704189 #41927] DEBUG -- : Done
D, [2019-11-10T11:38:30.706103 #41927] DEBUG -- : Getting mailbox status
D, [2019-11-10T11:38:30.706164 #41927] DEBUG -- : Getting highest message id
D, [2019-11-10T11:38:30.862327 #41927] DEBUG -- : Highest seqno: 1
D, [2019-11-10T11:38:30.862461 #41927] DEBUG -- : Clearing cached message
D, [2019-11-10T11:38:30.862523 #41927] DEBUG -- : Moved uid_set [50497] to [Gmail]/All Mail
D, [2019-11-10T17:54:48.995924 #41927] DEBUG -- : Priming connection
D, [2019-11-10T17:54:48.996260 #41927] DEBUG -- : Error: end of file reached
D, [2019-11-10T17:54:48.996300 #41927] DEBUG -- : Attempting to reconnect
D, [2019-11-10T17:54:48.996322 #41927] DEBUG -- : Closing connection
D, [2019-11-10T17:54:48.996550 #41927] DEBUG -- : Reviving connection
D, [2019-11-10T17:54:50.298624 #41927] DEBUG -- : RUBY0001 OK paul@paulnorthup.com authenticated (Success)

D, [2019-11-10T17:54:50.298721 #41927] DEBUG -- : loading mailboxes...
D, [2019-11-10T17:54:50.298787 #41927] DEBUG -- : Loaded mailboxes: ["INBOX", "Activity", "Favorites", "Notes", "Receipt", "Reference", "Tax", "Travel", "Weekly Digest", "all", "drafts", "important", "sent", "spam", "starred", "trash"].inspect
D, [2019-11-10T17:54:50.298948 #41927] DEBUG -- : Reselecting mailbox INBOX
D, [2019-11-10T17:54:50.483265 #41927] DEBUG -- : RUBY0002 OK [READ-WRITE] INBOX selected. (Success)

D, [2019-11-10T17:54:50.483434 #41927] DEBUG -- : Priming connection
D, [2019-11-10T17:54:50.641529 #41927] DEBUG -- : Priming connection didn't work, connection seems broken, but still going ahead...
D, [2019-11-10T17:54:50.641919 #41927] DEBUG -- : Checking for new messages
D, [2019-11-10T17:54:50.642005 #41927] DEBUG -- : Selecting mailbox "INBOX"
D, [2019-11-10T17:54:50.821281 #41927] DEBUG -- : RUBY0004 OK [READ-WRITE] INBOX selected. (Success)

D, [2019-11-10T17:54:50.821427 #41927] DEBUG -- : Done
D, [2019-11-10T17:54:50.821887 #41927] DEBUG -- : Getting mailbox status
D, [2019-11-10T17:54:50.821934 #41927] DEBUG -- : Getting highest message id
D, [2019-11-10T17:54:50.984340 #41927] DEBUG -- : Highest seqno: 2
D, [2019-11-10T17:54:50.984502 #41927] DEBUG -- : Search #update_query
D, [2019-11-10T17:54:51.138628 #41927] DEBUG -- : - got seqnos: [1, 2]
D, [2019-11-10T17:54:51.138718 #41927] DEBUG -- : - getting seqnos > 1
D, [2019-11-10T17:54:51.138759 #41927] DEBUG -- : - setting max_seqno to 2
D, [2019-11-10T17:54:51.138881 #41927] DEBUG -- : - new uids found: [2]
D, [2019-11-10T17:54:51.180578 #41927] DEBUG -- : Fetching headers for 1 messages
D, [2019-11-10T17:54:52.761627 #41927] DEBUG -- : Show message: "<0100016e5786ba45-1a23cc45-c143-4d2f-a9eb-f20aab1f1dd2-000000@email.amazonses.com>"
D, [2019-11-10T17:54:52.761904 #41927] DEBUG -- : - found message <0100016e5786ba45-1a23cc45-c143-4d2f-a9eb-f20aab1f1dd2-000000@email.amazonses.com>
D, [2019-11-10T17:54:52.761941 #41927] DEBUG -- : - message has plaintext? false
D, [2019-11-10T17:54:52.761960 #41927] DEBUG -- : - full message cache miss
D, [2019-11-10T17:54:52.762226 #41927] DEBUG -- : - fetching message uid 50501
D, [2019-11-10T17:54:53.120605 #41927] DEBUG -- : Showing message message_id: <0100016e5786ba45-1a23cc45-c143-4d2f-a9eb-f20aab1f1dd2-000000@email.amazonses.com>
D, [2019-11-11T12:25:38.752696 #41927] DEBUG -- : Priming connection
D, [2019-11-11T12:25:38.755518 #41927] DEBUG -- : Error: end of file reached
D, [2019-11-11T12:25:38.755622 #41927] DEBUG -- : Attempting to reconnect
D, [2019-11-11T12:25:38.755698 #41927] DEBUG -- : Closing connection
D, [2019-11-11T12:25:38.756360 #41927] DEBUG -- : Reviving connection
D, [2019-11-11T12:25:39.679792 #41927] DEBUG -- : RUBY0001 OK paul@paulnorthup.com authenticated (Success)

D, [2019-11-11T12:25:39.679918 #41927] DEBUG -- : loading mailboxes...
D, [2019-11-11T12:25:39.680102 #41927] DEBUG -- : Loaded mailboxes: ["INBOX", "Activity", "Favorites", "Notes", "Receipt", "Reference", "Tax", "Travel", "Weekly Digest", "all", "drafts", "important", "sent", "spam", "starred", "trash"].inspect
D, [2019-11-11T12:25:39.680787 #41927] DEBUG -- : Reselecting mailbox INBOX
D, [2019-11-11T12:25:39.875668 #41927] DEBUG -- : RUBY0002 OK [READ-WRITE] INBOX selected. (Success)

D, [2019-11-11T12:25:39.875883 #41927] DEBUG -- : Priming connection
D, [2019-11-11T12:25:40.145123 #41927] DEBUG -- : Checking for new messages
D, [2019-11-11T12:25:40.145352 #41927] DEBUG -- : Selecting mailbox "INBOX"
D, [2019-11-11T12:25:40.305018 #41927] DEBUG -- : RUBY0004 OK [READ-WRITE] INBOX selected. (Success)

D, [2019-11-11T12:25:40.305195 #41927] DEBUG -- : Done
D, [2019-11-11T12:25:40.311627 #41927] DEBUG -- : Getting mailbox status
D, [2019-11-11T12:25:40.311731 #41927] DEBUG -- : Getting highest message id
D, [2019-11-11T12:25:40.468697 #41927] DEBUG -- : Highest seqno: 10
D, [2019-11-11T12:25:40.469163 #41927] DEBUG -- : Search #update_query
D, [2019-11-11T12:25:40.631441 #41927] DEBUG -- : - got seqnos: [2, 3, 4, 5, 6, 7, 8, 9, 10]
D, [2019-11-11T12:25:40.631572 #41927] DEBUG -- : - getting seqnos > 2
D, [2019-11-11T12:25:40.631719 #41927] DEBUG -- : - setting max_seqno to 10
D, [2019-11-11T12:25:40.631831 #41927] DEBUG -- : - new uids found: [3, 4, 5, 6, 7, 8, 9, 10]
D, [2019-11-11T12:25:40.662060 #41927] DEBUG -- : Fetching headers for 8 messages
D, [2019-11-11T12:26:05.668552 #41927] DEBUG -- : Show message: "<hEXKDZAyT--HI5x2Sq0n2Q@ismtpd0005p1iad2.sendgrid.net>"
D, [2019-11-11T12:26:05.669013 #41927] DEBUG -- : - found message <hEXKDZAyT--HI5x2Sq0n2Q@ismtpd0005p1iad2.sendgrid.net>
D, [2019-11-11T12:26:05.669075 #41927] DEBUG -- : - message has plaintext? false
D, [2019-11-11T12:26:05.669098 #41927] DEBUG -- : - full message cache miss
D, [2019-11-11T12:26:05.669431 #41927] DEBUG -- : - fetching message uid 50508
D, [2019-11-11T12:26:06.331747 #41927] DEBUG -- : Showing message message_id: <hEXKDZAyT--HI5x2Sq0n2Q@ismtpd0005p1iad2.sendgrid.net>
D, [2019-11-11T12:26:25.004044 #41927] DEBUG -- : Show message: "<6q5oobCUSYWWUsUDU9lmSA@ismtpd0069p1iad1.sendgrid.net>"
D, [2019-11-11T12:26:25.004302 #41927] DEBUG -- : - found message <6q5oobCUSYWWUsUDU9lmSA@ismtpd0069p1iad1.sendgrid.net>
D, [2019-11-11T12:26:25.004336 #41927] DEBUG -- : - message has plaintext? false
D, [2019-11-11T12:26:25.004356 #41927] DEBUG -- : - full message cache miss
D, [2019-11-11T12:26:25.004657 #41927] DEBUG -- : - fetching message uid 50507
D, [2019-11-11T12:26:25.356648 #41927] DEBUG -- : Error encountered in fetch_and_cache(), message_id <6q5oobCUSYWWUsUDU9lmSA@ismtpd0069p1iad1.sendgrid.net> [INBOX]:
incompatible character encodings: UTF-8 and ASCII-8BIT
/usr/local/lib/ruby/gems/2.5.0/gems/vmail-2.9.11/lib/vmail/showing_message.rb:79:in `fetch_and_cache'
/usr/local/lib/ruby/gems/2.5.0/gems/vmail-2.9.11/lib/vmail/showing_message.rb:30:in `block in show_message'
/usr/local/lib/ruby/gems/2.5.0/gems/vmail-2.9.11/lib/vmail/helpers.rb:10:in `block in retry_if_needed'
/usr/local/lib/ruby/gems/2.5.0/gems/vmail-2.9.11/lib/vmail/helpers.rb:9:in `times'
/usr/local/lib/ruby/gems/2.5.0/gems/vmail-2.9.11/lib/vmail/helpers.rb:9:in `retry_if_needed'
/usr/local/lib/ruby/gems/2.5.0/gems/vmail-2.9.11/lib/vmail/showing_message.rb:30:in `show_message'
/usr/local/Cellar/ruby@2.5/2.5.5/lib/ruby/2.5.0/drb/drb.rb:1630:in `perform_without_block'
/usr/local/Cellar/ruby@2.5/2.5.5/lib/ruby/2.5.0/drb/drb.rb:1590:in `perform'
/usr/local/Cellar/ruby@2.5/2.5.5/lib/ruby/2.5.0/drb/drb.rb:1674:in `block (2 levels) in main_loop'
/usr/local/Cellar/ruby@2.5/2.5.5/lib/ruby/2.5.0/drb/drb.rb:1670:in `loop'
/usr/local/Cellar/ruby@2.5/2.5.5/lib/ruby/2.5.0/drb/drb.rb:1670:in `block in main_loop'
D, [2019-11-11T12:26:25.356720 #41927] DEBUG -- : Showing message message_id: <6q5oobCUSYWWUsUDU9lmSA@ismtpd0069p1iad1.sendgrid.net>
D, [2019-11-11T12:26:29.487011 #41927] DEBUG -- : Show message: "<0101016e5a81fcf2-3d67e544-466c-49d5-b4c8-dae4ed4c2b45-000000@us-west-2.amazonses.com>"
D, [2019-11-11T12:26:29.487279 #41927] DEBUG -- : - found message <0101016e5a81fcf2-3d67e544-466c-49d5-b4c8-dae4ed4c2b45-000000@us-west-2.amazonses.com>
D, [2019-11-11T12:26:29.487315 #41927] DEBUG -- : - message has plaintext? false
D, [2019-11-11T12:26:29.487335 #41927] DEBUG -- : - full message cache miss
D, [2019-11-11T12:26:29.487657 #41927] DEBUG -- : - fetching message uid 50506
D, [2019-11-11T12:26:29.822817 #41927] DEBUG -- : Showing message message_id: <0101016e5a81fcf2-3d67e544-466c-49d5-b4c8-dae4ed4c2b45-000000@us-west-2.amazonses.com>
D, [2019-11-11T12:26:32.664602 #41927] DEBUG -- : Show message: "<5dc958342b6a4_493fb64eecd9a41236d4@shopify.com>"
D, [2019-11-11T12:26:32.664881 #41927] DEBUG -- : - found message <5dc958342b6a4_493fb64eecd9a41236d4@shopify.com>
D, [2019-11-11T12:26:32.664915 #41927] DEBUG -- : - message has plaintext? false
D, [2019-11-11T12:26:32.664935 #41927] DEBUG -- : - full message cache miss
D, [2019-11-11T12:26:32.665187 #41927] DEBUG -- : - fetching message uid 50505
D, [2019-11-11T12:26:33.079595 #41927] DEBUG -- : Showing message message_id: <5dc958342b6a4_493fb64eecd9a41236d4@shopify.com>
D, [2019-11-11T12:26:39.623648 #41927] DEBUG -- : Show message: "<RMsmAAABblgG5Cx5AbedOtwX6wVQ.1573434877@mapbox.com>"
D, [2019-11-11T12:26:39.623948 #41927] DEBUG -- : - found message <RMsmAAABblgG5Cx5AbedOtwX6wVQ.1573434877@mapbox.com>
D, [2019-11-11T12:26:39.623983 #41927] DEBUG -- : - message has plaintext? false
D, [2019-11-11T12:26:39.624003 #41927] DEBUG -- : - full message cache miss
D, [2019-11-11T12:26:39.624234 #41927] DEBUG -- : - fetching message uid 50504
D, [2019-11-11T12:26:40.019785 #41927] DEBUG -- : Showing message message_id: <RMsmAAABblgG5Cx5AbedOtwX6wVQ.1573434877@mapbox.com>
D, [2019-11-11T12:26:41.573237 #41927] DEBUG -- : Show message: "<34bc9ca2f1cf32ec875b485dcc7e364c@e0d47d22c56a>"
D, [2019-11-11T12:26:41.573588 #41927] DEBUG -- : - found message <34bc9ca2f1cf32ec875b485dcc7e364c@e0d47d22c56a>
D, [2019-11-11T12:26:41.573628 #41927] DEBUG -- : - message has plaintext? false
D, [2019-11-11T12:26:41.573703 #41927] DEBUG -- : - full message cache miss
D, [2019-11-11T12:26:41.573945 #41927] DEBUG -- : - fetching message uid 50503
D, [2019-11-11T12:26:41.926182 #41927] DEBUG -- : Showing message message_id: <34bc9ca2f1cf32ec875b485dcc7e364c@e0d47d22c56a>
D, [2019-11-11T12:26:43.640826 #41927] DEBUG -- : Show message: "<RMsmAQABbleZCQ-Xp0dw437oQ2_R.1573427677@mapbox.com>"
D, [2019-11-11T12:26:43.641100 #41927] DEBUG -- : - found message <RMsmAQABbleZCQ-Xp0dw437oQ2_R.1573427677@mapbox.com>
D, [2019-11-11T12:26:43.641131 #41927] DEBUG -- : - message has plaintext? false
D, [2019-11-11T12:26:43.641279 #41927] DEBUG -- : - full message cache miss
D, [2019-11-11T12:26:43.641539 #41927] DEBUG -- : - fetching message uid 50502
D, [2019-11-11T12:26:43.976966 #41927] DEBUG -- : Showing message message_id: <RMsmAQABbleZCQ-Xp0dw437oQ2_R.1573427677@mapbox.com>
D, [2019-11-11T12:26:50.625341 #41927] DEBUG -- : Show message: "<0100016e5786ba45-1a23cc45-c143-4d2f-a9eb-f20aab1f1dd2-000000@email.amazonses.com>"
D, [2019-11-11T12:26:50.625621 #41927] DEBUG -- : - found message <0100016e5786ba45-1a23cc45-c143-4d2f-a9eb-f20aab1f1dd2-000000@email.amazonses.com>
D, [2019-11-11T12:26:50.625652 #41927] DEBUG -- : - message has plaintext? true
D, [2019-11-11T12:26:50.625669 #41927] DEBUG -- : - full message cache hit
D, [2019-11-11T12:26:50.625685 #41927] DEBUG -- : Showing message message_id: <0100016e5786ba45-1a23cc45-c143-4d2f-a9eb-f20aab1f1dd2-000000@email.amazonses.com>
D, [2019-11-11T12:26:57.100183 #41927] DEBUG -- : Show message: "<34bc9ca2f1cf32ec875b485dcc7e364c@e0d47d22c56a>"
D, [2019-11-11T12:26:57.100462 #41927] DEBUG -- : - found message <34bc9ca2f1cf32ec875b485dcc7e364c@e0d47d22c56a>
D, [2019-11-11T12:26:57.100496 #41927] DEBUG -- : - message has plaintext? true
D, [2019-11-11T12:26:57.100516 #41927] DEBUG -- : - full message cache hit
D, [2019-11-11T12:26:57.100535 #41927] DEBUG -- : Showing message message_id: <34bc9ca2f1cf32ec875b485dcc7e364c@e0d47d22c56a>
D, [2019-11-11T12:26:59.093420 #41927] DEBUG -- : Show message: "<34bc9ca2f1cf32ec875b485dcc7e364c@e0d47d22c56a>"
D, [2019-11-11T12:26:59.093743 #41927] DEBUG -- : - found message <34bc9ca2f1cf32ec875b485dcc7e364c@e0d47d22c56a>
D, [2019-11-11T12:26:59.093779 #41927] DEBUG -- : - message has plaintext? true
D, [2019-11-11T12:26:59.093800 #41927] DEBUG -- : - full message cache hit
D, [2019-11-11T12:26:59.093820 #41927] DEBUG -- : Showing message message_id: <34bc9ca2f1cf32ec875b485dcc7e364c@e0d47d22c56a>
D, [2019-11-11T12:27:03.179079 #41927] DEBUG -- : Show message: "<RMsmAAABblgG5Cx5AbedOtwX6wVQ.1573434877@mapbox.com>"
D, [2019-11-11T12:27:03.179497 #41927] DEBUG -- : - found message <RMsmAAABblgG5Cx5AbedOtwX6wVQ.1573434877@mapbox.com>
D, [2019-11-11T12:27:03.179546 #41927] DEBUG -- : - message has plaintext? true
D, [2019-11-11T12:27:03.179571 #41927] DEBUG -- : - full message cache hit
D, [2019-11-11T12:27:03.179593 #41927] DEBUG -- : Showing message message_id: <RMsmAAABblgG5Cx5AbedOtwX6wVQ.1573434877@mapbox.com>
D, [2019-11-11T12:27:07.316019 #41927] DEBUG -- : Show message: "<34bc9ca2f1cf32ec875b485dcc7e364c@e0d47d22c56a>"
D, [2019-11-11T12:27:07.316339 #41927] DEBUG -- : - found message <34bc9ca2f1cf32ec875b485dcc7e364c@e0d47d22c56a>
D, [2019-11-11T12:27:07.316374 #41927] DEBUG -- : - message has plaintext? true
D, [2019-11-11T12:27:07.316394 #41927] DEBUG -- : - full message cache hit
D, [2019-11-11T12:27:07.316413 #41927] DEBUG -- : Showing message message_id: <34bc9ca2f1cf32ec875b485dcc7e364c@e0d47d22c56a>
D, [2019-11-11T12:27:07.726171 #41927] DEBUG -- : Show message: "<RMsmAQABbleZCQ-Xp0dw437oQ2_R.1573427677@mapbox.com>"
D, [2019-11-11T12:27:07.726509 #41927] DEBUG -- : - found message <RMsmAQABbleZCQ-Xp0dw437oQ2_R.1573427677@mapbox.com>
D, [2019-11-11T12:27:07.726544 #41927] DEBUG -- : - message has plaintext? true
D, [2019-11-11T12:27:07.726565 #41927] DEBUG -- : - full message cache hit
D, [2019-11-11T12:27:07.726585 #41927] DEBUG -- : Showing message message_id: <RMsmAQABbleZCQ-Xp0dw437oQ2_R.1573427677@mapbox.com>
D, [2019-11-11T12:27:24.651026 #41927] DEBUG -- : Show message: "<20191110133919.1.3E70A4FEC5E2A9A5@rapport2.com>"
D, [2019-11-11T12:27:24.651386 #41927] DEBUG -- : - found message <20191110133919.1.3E70A4FEC5E2A9A5@rapport2.com>
D, [2019-11-11T12:27:24.651421 #41927] DEBUG -- : - message has plaintext? true
D, [2019-11-11T12:27:24.651442 #41927] DEBUG -- : - full message cache hit
D, [2019-11-11T12:27:24.651462 #41927] DEBUG -- : Showing message message_id: <20191110133919.1.3E70A4FEC5E2A9A5@rapport2.com>
D, [2019-11-11T12:27:25.816785 #41927] DEBUG -- : Show message: "<0100016e5786ba45-1a23cc45-c143-4d2f-a9eb-f20aab1f1dd2-000000@email.amazonses.com>"
D, [2019-11-11T12:27:25.817117 #41927] DEBUG -- : - found message <0100016e5786ba45-1a23cc45-c143-4d2f-a9eb-f20aab1f1dd2-000000@email.amazonses.com>
D, [2019-11-11T12:27:25.817152 #41927] DEBUG -- : - message has plaintext? true
D, [2019-11-11T12:27:25.817172 #41927] DEBUG -- : - full message cache hit
D, [2019-11-11T12:27:25.817192 #41927] DEBUG -- : Showing message message_id: <0100016e5786ba45-1a23cc45-c143-4d2f-a9eb-f20aab1f1dd2-000000@email.amazonses.com>
D, [2019-11-12T08:56:05.450919 #41927] DEBUG -- : Priming connection
D, [2019-11-12T08:56:05.451204 #41927] DEBUG -- : Error: end of file reached
D, [2019-11-12T08:56:05.451242 #41927] DEBUG -- : Attempting to reconnect
D, [2019-11-12T08:56:05.451263 #41927] DEBUG -- : Closing connection
D, [2019-11-12T08:56:05.451525 #41927] DEBUG -- : Reviving connection
D, [2019-11-12T08:56:07.091459 #41927] DEBUG -- : RUBY0001 OK paul@paulnorthup.com authenticated (Success)

D, [2019-11-12T08:56:07.091564 #41927] DEBUG -- : loading mailboxes...
D, [2019-11-12T08:56:07.091630 #41927] DEBUG -- : Loaded mailboxes: ["INBOX", "Activity", "Favorites", "Notes", "Receipt", "Reference", "Tax", "Travel", "Weekly Digest", "all", "drafts", "important", "sent", "spam", "starred", "trash"].inspect
D, [2019-11-12T08:56:07.091733 #41927] DEBUG -- : Reselecting mailbox INBOX
D, [2019-11-12T08:56:07.306929 #41927] DEBUG -- : RUBY0002 OK [READ-WRITE] INBOX selected. (Success)

D, [2019-11-12T08:56:07.307115 #41927] DEBUG -- : Priming connection
D, [2019-11-12T08:56:07.782220 #41927] DEBUG -- : Checking for new messages
D, [2019-11-12T08:56:07.782343 #41927] DEBUG -- : Selecting mailbox "INBOX"
D, [2019-11-12T08:56:07.944559 #41927] DEBUG -- : RUBY0004 OK [READ-WRITE] INBOX selected. (Success)

D, [2019-11-12T08:56:07.944868 #41927] DEBUG -- : Done
D, [2019-11-12T08:56:07.945442 #41927] DEBUG -- : Getting mailbox status
D, [2019-11-12T08:56:07.945498 #41927] DEBUG -- : Getting highest message id
D, [2019-11-12T08:56:08.100268 #41927] DEBUG -- : Highest seqno: 18
D, [2019-11-12T08:56:08.100507 #41927] DEBUG -- : Search #update_query
D, [2019-11-12T08:56:08.267885 #41927] DEBUG -- : - got seqnos: [10, 11, 12, 13, 14, 15, 16, 17, 18]
D, [2019-11-12T08:56:08.268022 #41927] DEBUG -- : - getting seqnos > 10
D, [2019-11-12T08:56:08.268084 #41927] DEBUG -- : - setting max_seqno to 18
D, [2019-11-12T08:56:08.268137 #41927] DEBUG -- : - new uids found: [11, 12, 13, 14, 15, 16, 17, 18]
D, [2019-11-12T08:56:08.301241 #41927] DEBUG -- : Fetching headers for 8 messages
D, [2019-11-12T08:56:53.241477 #41927] DEBUG -- : Decremented max seqno from 18 to 9
D, [2019-11-12T08:56:53.241548 #41927] DEBUG -- : Move [50520, 50519, 50518, 50517, 50516, 50515, 50514, 50513, 50509] to all
D, [2019-11-12T08:56:53.241571 #41927] DEBUG -- : Archiving messages
D, [2019-11-12T08:56:53.241735 #41927] DEBUG -- : Moving uid_set: [50520, 50519, 50518, 50517, 50516, 50515, 50514, 50513, 50509] to [Gmail]/All Mail
D, [2019-11-12T08:56:53.659332 #41927] DEBUG -- : RUBY0008 OK [COPYUID 623161770 50513:50520 115903:115905,115907:115911] (Success)

D, [2019-11-12T08:56:54.456442 #41927] DEBUG -- : [#<struct Net::IMAP::FetchData seqno=11, attr={"FLAGS"=>[:Deleted], "UID"=>50513}>, #<struct Net::IMAP::FetchData seqno=12, attr={"FLAGS"=>[:Deleted], "UID"=>50514}>, #<struct Net::IMAP::FetchData seqno=13, attr={"FLAGS"=>[:Deleted], "UID"=>50515}>, #<struct Net::IMAP::FetchData seqno=14, attr={"FLAGS"=>[:Deleted], "UID"=>50516}>, #<struct Net::IMAP::FetchData seqno=15, attr={"FLAGS"=>[:Deleted], "UID"=>50517}>, #<struct Net::IMAP::FetchData seqno=16, attr={"FLAGS"=>[:Deleted], "UID"=>50518}>, #<struct Net::IMAP::FetchData seqno=17, attr={"FLAGS"=>[:Deleted], "UID"=>50519}>, #<struct Net::IMAP::FetchData seqno=18, attr={"FLAGS"=>[:Deleted], "UID"=>50520}>]
D, [2019-11-12T08:56:54.456688 #41927] DEBUG -- : Selecting mailbox "INBOX"
D, [2019-11-12T08:56:54.632186 #41927] DEBUG -- : RUBY0010 OK [READ-WRITE] INBOX selected. (Success)

D, [2019-11-12T08:56:54.632507 #41927] DEBUG -- : Done
D, [2019-11-12T08:56:54.633092 #41927] DEBUG -- : Getting mailbox status
D, [2019-11-12T08:56:54.633144 #41927] DEBUG -- : Getting highest message id
D, [2019-11-12T08:56:54.785297 #41927] DEBUG -- : Highest seqno: 10
D, [2019-11-12T08:56:54.785397 #41927] DEBUG -- : Clearing cached message
D, [2019-11-12T08:56:54.785440 #41927] DEBUG -- : Moved uid_set [50520, 50519, 50518, 50517, 50516, 50515, 50514, 50513, 50509] to [Gmail]/All Mail
D, [2019-11-12T08:57:07.558450 #41927] DEBUG -- : Decremented max seqno from 9 to 0
D, [2019-11-12T08:57:07.558512 #41927] DEBUG -- : Move [50508, 50507, 50506, 50505, 50504, 50503, 50502, 50501, 50494] to all
D, [2019-11-12T08:57:07.558534 #41927] DEBUG -- : Archiving messages
D, [2019-11-12T08:57:07.558561 #41927] DEBUG -- : Moving uid_set: [50508, 50507, 50506, 50505, 50504, 50503, 50502, 50501, 50494] to [Gmail]/All Mail
D, [2019-11-12T08:57:07.993403 #41927] DEBUG -- : RUBY0012 OK [COPYUID 623161770 50494,50501:50508 115884,115891:115898] (Success)

D, [2019-11-12T08:57:08.609201 #41927] DEBUG -- : [#<struct Net::IMAP::FetchData seqno=1, attr={"FLAGS"=>[:Seen, :Deleted], "UID"=>50494}>, #<struct Net::IMAP::FetchData seqno=2, attr={"FLAGS"=>[:Seen, :Deleted], "UID"=>50501}>, #<struct Net::IMAP::FetchData seqno=3, attr={"FLAGS"=>[:Seen, :Deleted], "UID"=>50502}>, #<struct Net::IMAP::FetchData seqno=4, attr={"FLAGS"=>[:Seen, :Deleted], "UID"=>50503}>, #<struct Net::IMAP::FetchData seqno=5, attr={"FLAGS"=>[:Seen, :Deleted], "UID"=>50504}>, #<struct Net::IMAP::FetchData seqno=6, attr={"FLAGS"=>[:Seen, :Deleted], "UID"=>50505}>, #<struct Net::IMAP::FetchData seqno=7, attr={"FLAGS"=>[:Seen, :Deleted], "UID"=>50506}>, #<struct Net::IMAP::FetchData seqno=8, attr={"FLAGS"=>[:Seen, :Deleted], "UID"=>50507}>, #<struct Net::IMAP::FetchData seqno=9, attr={"FLAGS"=>[:Seen, :Deleted], "UID"=>50508}>]
D, [2019-11-12T08:57:08.609397 #41927] DEBUG -- : Selecting mailbox "INBOX"
D, [2019-11-12T08:57:08.783006 #41927] DEBUG -- : RUBY0014 OK [READ-WRITE] INBOX selected. (Success)

D, [2019-11-12T08:57:08.785043 #41927] DEBUG -- : Done
D, [2019-11-12T08:57:08.785615 #41927] DEBUG -- : Getting mailbox status
D, [2019-11-12T08:57:08.785664 #41927] DEBUG -- : Getting highest message id
D, [2019-11-12T08:57:08.939554 #41927] DEBUG -- : Highest seqno: 1
D, [2019-11-12T08:57:08.939651 #41927] DEBUG -- : Clearing cached message
D, [2019-11-12T08:57:08.939694 #41927] DEBUG -- : Moved uid_set [50508, 50507, 50506, 50505, 50504, 50503, 50502, 50501, 50494] to [Gmail]/All Mail
D, [2019-11-12T08:57:12.601772 #41927] DEBUG -- : Show message: ""
D, [2019-11-12T08:57:12.602012 #41927] DEBUG -- : - could not find message ""
D, [2019-11-12T08:57:12.602038 #41927] DEBUG -- : - full message cache miss
D, [2019-11-12T08:57:12.604461 #41927] DEBUG -- : - Labeling not found for {:message_id=>"", :label_id=>1}
D, [2019-11-12T08:57:12.604530 #41927] DEBUG -- : Showing message message_id: 
D, [2019-11-12T08:57:22.780029 #41927] DEBUG -- : Closing connection
D, [2019-11-12T13:54:08.366900 #89616] DEBUG -- : RUBY0001 OK paul@paulnorthup.com authenticated (Success)

D, [2019-11-12T13:54:08.368287 #89616] DEBUG -- : loading mailboxes...
D, [2019-11-12T13:54:08.531954 #89616] DEBUG -- : Loaded mailboxes: ["INBOX", "Activity", "Favorites", "Notes", "Receipt", "Reference", "Tax", "Travel", "Weekly Digest", "[Gmail]/All Mail", "[Gmail]/Drafts", "[Gmail]/Important", "[Gmail]/Sent Mail", "[Gmail]/Spam", "[Gmail]/Starred", "[Gmail]/Trash"].inspect
D, [2019-11-12T13:54:08.532177 #89616] DEBUG -- : Setting aliases to {"sent"=>"[Gmail]/Sent Mail", "all"=>"[Gmail]/All Mail", "starred"=>"[Gmail]/Starred", "important"=>"[Gmail]/Important", "drafts"=>"[Gmail]/Drafts", "spam"=>"[Gmail]/Spam", "trash"=>"[Gmail]/Trash"}
D, [2019-11-12T13:54:08.534835 #89616] DEBUG -- : Selecting mailbox "INBOX"
D, [2019-11-12T13:54:08.725838 #89616] DEBUG -- : RUBY0003 OK [READ-WRITE] INBOX selected. (Success)

D, [2019-11-12T13:54:08.726058 #89616] DEBUG -- : Done
D, [2019-11-12T13:54:08.727923 #89616] DEBUG -- : Getting mailbox status
D, [2019-11-12T13:54:08.728018 #89616] DEBUG -- : Getting highest message id
D, [2019-11-12T13:54:08.880840 #89616] DEBUG -- : Highest seqno: 10
D, [2019-11-12T13:54:09.808152 #89616] DEBUG -- : Setting window width to 299
D, [2019-11-12T13:54:10.028377 #89616] DEBUG -- : Selecting mailbox "INBOX"
D, [2019-11-12T13:54:10.195228 #89616] DEBUG -- : RUBY0005 OK [READ-WRITE] INBOX selected. (Success)

D, [2019-11-12T13:54:10.195376 #89616] DEBUG -- : Done
D, [2019-11-12T13:54:10.196227 #89616] DEBUG -- : Getting mailbox status
D, [2019-11-12T13:54:10.196282 #89616] DEBUG -- : Getting highest message id
D, [2019-11-12T13:54:10.351065 #89616] DEBUG -- : Highest seqno: 10
D, [2019-11-12T13:54:10.633726 #89616] DEBUG -- : #search: "\"all\""
D, [2019-11-12T13:54:10.633845 #89616] DEBUG -- : Query: "1:10 all"
D, [2019-11-12T13:54:10.857799 #89616] DEBUG -- : - Query got 10 results; max seqno: 10
D, [2019-11-12T13:54:10.857907 #89616] DEBUG -- : Clearing cached message
D, [2019-11-12T13:54:10.857953 #89616] DEBUG -- : Fetching headers for 10 messages
D, [2019-11-12T13:54:16.302678 #89616] DEBUG -- : Show message: "<CAAYe81X5_4mBP5FA=Fh+a+y0D70F27m8pCXRpbRmqb1CodBJJg@mail.gmail.com>"
D, [2019-11-12T13:54:16.302985 #89616] DEBUG -- : - found message <CAAYe81X5_4mBP5FA=Fh+a+y0D70F27m8pCXRpbRmqb1CodBJJg@mail.gmail.com>
D, [2019-11-12T13:54:16.303027 #89616] DEBUG -- : - message has plaintext? false
D, [2019-11-12T13:54:16.303048 #89616] DEBUG -- : - full message cache miss
D, [2019-11-12T13:54:16.303288 #89616] DEBUG -- : - fetching message uid 50528
D, [2019-11-12T13:54:17.552988 #89616] DEBUG -- : Showing message message_id: <CAAYe81X5_4mBP5FA=Fh+a+y0D70F27m8pCXRpbRmqb1CodBJJg@mail.gmail.com>
D, [2019-11-12T13:54:22.645783 #89616] DEBUG -- : Show message: "<1635001011.8930.1573583349521.JavaMail.app@lva1-app47441.prod.linkedin.com>"
D, [2019-11-12T13:54:22.646056 #89616] DEBUG -- : - found message <1635001011.8930.1573583349521.JavaMail.app@lva1-app47441.prod.linkedin.com>
D, [2019-11-12T13:54:22.646092 #89616] DEBUG -- : - message has plaintext? false
D, [2019-11-12T13:54:22.646113 #89616] DEBUG -- : - full message cache miss
D, [2019-11-12T13:54:22.646375 #89616] DEBUG -- : - fetching message uid 50527
D, [2019-11-12T13:54:22.999144 #89616] DEBUG -- : Showing message message_id: <1635001011.8930.1573583349521.JavaMail.app@lva1-app47441.prod.linkedin.com>
D, [2019-11-12T13:54:26.985954 #89616] DEBUG -- : Show message: "<CAAYe81X5_4mBP5FA=Fh+a+y0D70F27m8pCXRpbRmqb1CodBJJg@mail.gmail.com>"
D, [2019-11-12T13:54:26.986670 #89616] DEBUG -- : - found message <CAAYe81X5_4mBP5FA=Fh+a+y0D70F27m8pCXRpbRmqb1CodBJJg@mail.gmail.com>
D, [2019-11-12T13:54:26.986740 #89616] DEBUG -- : - message has plaintext? true
D, [2019-11-12T13:54:26.986763 #89616] DEBUG -- : - full message cache hit
D, [2019-11-12T13:54:26.986784 #89616] DEBUG -- : Showing message message_id: <CAAYe81X5_4mBP5FA=Fh+a+y0D70F27m8pCXRpbRmqb1CodBJJg@mail.gmail.com>
D, [2019-11-12T13:54:37.397377 #89616] DEBUG -- : Show message: "<CAAYe81X5_4mBP5FA=Fh+a+y0D70F27m8pCXRpbRmqb1CodBJJg@mail.gmail.com>"
D, [2019-11-12T13:54:37.398020 #89616] DEBUG -- : - found message <CAAYe81X5_4mBP5FA=Fh+a+y0D70F27m8pCXRpbRmqb1CodBJJg@mail.gmail.com>
D, [2019-11-12T13:54:37.398089 #89616] DEBUG -- : - message has plaintext? true
D, [2019-11-12T13:54:37.398111 #89616] DEBUG -- : - full message cache hit
D, [2019-11-12T13:54:37.398130 #89616] DEBUG -- : Showing message message_id: <CAAYe81X5_4mBP5FA=Fh+a+y0D70F27m8pCXRpbRmqb1CodBJJg@mail.gmail.com>
